#
# A fatal error has been detected by the Java Runtime Environment:
#
#  EXCEPTION_ACCESS_VIOLATION (0xc0000005) at pc=0x619489b6, pid=7324, tid=0x00000eec
#
# JRE version: Java(TM) SE Runtime Environment (8.0_144-b01) (build 1.8.0_144-b01)
# Java VM: Java HotSpot(TM) Client VM (25.144-b01 mixed mode windows-x86 )
# Problematic frame:
# C  [listSerialsj.dll+0x89b6]
#
# Failed to write core dump. Minidumps are not enabled by default on client versions of Windows
#
# If you would like to submit a bug report, please visit:
#   http://bugreport.java.com/bugreport/crash.jsp
# The crash happened outside the Java Virtual Machine in native code.
# See problematic frame for where to report the bug.
#

---------------  T H R E A D  ---------------

Current thread (0x27459800):  JavaThread "cc.arduino.packages.discoverers.serial.SerialBoardsLister" [_thread_in_native, id=3820, stack(0x27f80000,0x27fd0000)]

siginfo: ExceptionCode=0xc0000005, writing address 0x0000004c

Registers:
EAX=0x00000000, EBX=0x00000000, ECX=0x494c4986, EDX=0x00000000
ESP=0x27fce8b0, EBP=0x7ff320b8, ESI=0x0000004c, EDI=0x7681f000
EIP=0x619489b6, EFLAGS=0x00010202

Top of Stack: (sp=0x27fce8b0)
0x27fce8b0:   0000fde9 00000000 7ff320b8 ffffffff
0x27fce8c0:   00000000 0000004c 00000000 00000000
0x27fce8d0:   000000a0 7ff320b0 000000a0 74f99258
0x27fce8e0:   00000a28 00000003 27fce948 61948d53
0x27fce8f0:   00000a28 00220414 7ff320b0 000000a0
0x27fce900:   7ff320b0 000000a0 27fce948 00000000
0x27fce910:   00000000 7681ff80 27fceafc 00000000
0x27fce920:   27045b78 00000004 00000000 7ff320b0 

Instructions: (pc=0x619489b6)
0x61948996:   89 44 24 10 c7 44 24 0c ff ff ff ff c7 44 24 04
0x619489a6:   00 00 00 00 c7 04 24 e9 fd 00 00 ff d7 83 ec 20
0x619489b6:   c6 04 33 00 89 d8 83 c4 2c 5b 5e 5f 5d c3 8d b6
0x619489c6:   00 00 00 00 8d bf 00 00 00 00 57 56 89 ce 53 b9 


Register to memory mapping:

EAX=0x00000000 is an unknown value
EBX=0x00000000 is an unknown value
ECX=0x494c4986 is an unknown value
EDX=0x00000000 is an unknown value
ESP=0x27fce8b0 is pointing into the stack for thread: 0x27459800
EBP=0x7ff320b8 is an unknown value
ESI=0x0000004c is an unknown value
EDI=0x7681f000 is an unknown value


Stack: [0x27f80000,0x27fd0000],  sp=0x27fce8b0,  free space=314k
Native frames: (J=compiled Java code, j=interpreted, Vv=VM code, C=native code)
C  [listSerialsj.dll+0x89b6]

Java frames: (J=compiled Java code, j=interpreted, Vv=VM code)
J 1892  processing.app.Platform.listSerialsNative()[Ljava/lang/String; (0 bytes) @ 0x03aa3acf [0x03aa3a90+0x3f]
J 1887 C1 cc.arduino.packages.discoverers.serial.SerialBoardsLister.retriggerDiscovery(Z)V (751 bytes) @ 0x03a9f764 [0x03a9f610+0x154]
J 1891 C1 cc.arduino.packages.discoverers.serial.SerialBoardsLister.run()V (13 bytes) @ 0x03aa3894 [0x03aa3850+0x44]
J 1924% C1 java.util.TimerThread.mainLoop()V (232 bytes) @ 0x03aac214 [0x03aabde0+0x434]
j  java.util.TimerThread.run()V+1
v  ~StubRoutines::call_stub

---------------  P R O C E S S  ---------------

Java Threads: ( => current thread )
  0x27596800 JavaThread "TimerQueue" daemon [_thread_blocked, id=4812, stack(0x027e0000,0x02830000)]
  0x27591000 JavaThread "Batik CleanerThread" daemon [_thread_blocked, id=464, stack(0x28a70000,0x28ac0000)]
  0x27594c00 JavaThread "AWT-EventQueue-0" [_thread_blocked, id=240, stack(0x28880000,0x288d0000)]
  0x27487800 JavaThread "AWT-Shutdown" [_thread_blocked, id=5704, stack(0x287f0000,0x28840000)]
  0x27486c00 JavaThread "Timer-0" [_thread_blocked, id=8764, stack(0x284c0000,0x28510000)]
  0x27488000 JavaThread "JmDNS(fe80-0-0-0-8cbc-cf9d-9324-ec6-eth3.local.).State.Timer" daemon [_thread_blocked, id=10564, stack(0x28430000,0x28480000)]
  0x27488400 JavaThread "JmDNS(fe80-0-0-0-8cbc-cf9d-9324-ec6-eth3.local.).Timer" daemon [_thread_blocked, id=6016, stack(0x283a0000,0x283f0000)]
  0x2748f400 JavaThread "SocketListener(fe80-0-0-0-8cbc-cf9d-9324-ec6-eth3.local.)" daemon [_thread_in_native, id=7956, stack(0x28310000,0x28360000)]
  0x27496800 JavaThread "JmDNS(134-34-145-138.local.).State.Timer" daemon [_thread_blocked, id=9248, stack(0x281f0000,0x28240000)]
  0x27496000 JavaThread "JmDNS(134-34-145-138.local.).Timer" daemon [_thread_blocked, id=13876, stack(0x28160000,0x281b0000)]
  0x26847400 JavaThread "SocketListener(134-34-145-138.local.)" daemon [_thread_in_native, id=14852, stack(0x26d90000,0x26de0000)]
  0x27459c00 JavaThread "Multihomed mDNS.Timer" daemon [_thread_blocked, id=5344, stack(0x27fd0000,0x28020000)]
=>0x27459800 JavaThread "cc.arduino.packages.discoverers.serial.SerialBoardsLister" [_thread_in_native, id=3820, stack(0x27f80000,0x27fd0000)]
  0x26847c00 JavaThread "AWT-Windows" daemon [_thread_in_native, id=6176, stack(0x26e20000,0x26e70000)]
  0x26846c00 JavaThread "Java2D Disposer" daemon [_thread_blocked, id=8984, stack(0x26d00000,0x26d50000)]
  0x25e9bc00 JavaThread "Service Thread" daemon [_thread_blocked, id=13572, stack(0x26500000,0x26550000)]
  0x25e93000 JavaThread "C1 CompilerThread0" daemon [_thread_blocked, id=4492, stack(0x26470000,0x264c0000)]
  0x25e91c00 JavaThread "Attach Listener" daemon [_thread_blocked, id=13592, stack(0x263e0000,0x26430000)]
  0x25e8e000 JavaThread "Signal Dispatcher" daemon [_thread_blocked, id=9868, stack(0x26350000,0x263a0000)]
  0x25e7bc00 JavaThread "Finalizer" daemon [_thread_blocked, id=4992, stack(0x261c0000,0x26210000)]
  0x25e65c00 JavaThread "Reference Handler" daemon [_thread_blocked, id=9460, stack(0x26130000,0x26180000)]
  0x00fde000 JavaThread "main" [_thread_blocked, id=7436, stack(0x02a50000,0x02aa0000)]

Other Threads:
  0x25e60400 VMThread [stack: 0x260a0000,0x260f0000] [id=13832]
  0x25e9f000 WatcherThread [stack: 0x26590000,0x265e0000] [id=11652]

VM state:not at safepoint (normal execution)

VM Mutex/Monitor currently owned by a thread: None

Heap:
 def new generation   total 39680K, used 20598K [0x05a00000, 0x08500000, 0x104a0000)
  eden space 35328K,  58% used [0x05a00000, 0x06e1d058, 0x07c80000)
  from space 4352K,   0% used [0x07c80000, 0x07c80a88, 0x080c0000)
  to   space 4352K,   0% used [0x080c0000, 0x080c0000, 0x08500000)
 tenured generation   total 88012K, used 56365K [0x104a0000, 0x15a93000, 0x25a00000)
   the space 88012K,  64% used [0x104a0000, 0x13bab4e0, 0x13bab600, 0x15a93000)
 Metaspace       used 17112K, capacity 17515K, committed 17536K, reserved 17792K

Card table byte_map: [0x05810000,0x05920000] byte_map_base: 0x057e3000

Polling page: 0x00fc0000

CodeCache: size=32768Kb used=3453Kb max_used=3453Kb free=29314Kb
 bounds [0x03790000, 0x03af0000, 0x05790000]
 total_blobs=2295 nmethods=2032 adapters=193
 compilation: enabled

Compilation events (10 events):
Event: 154812.926 Thread 0x25e93000 2063             javax.jmdns.impl.DNSStatefulObject$DefaultImplementation::<init> (48 bytes)
Event: 154812.926 Thread 0x25e93000 nmethod 2063 0x03aeda48 code [0x03aedb70, 0x03aede58]
Event: 154816.932 Thread 0x25e93000 2064             javax.jmdns.impl.ServiceInfoImpl::<init> (169 bytes)
Event: 154816.932 Thread 0x25e93000 nmethod 2064 0x03aedfc8 code [0x03aee180, 0x03aee70c]
Event: 154816.932 Thread 0x25e93000 2065             javax.jmdns.impl.ServiceInfoImpl::setNeedTextAnnouncing (21 bytes)
Event: 154816.933 Thread 0x25e93000 nmethod 2065 0x03aeec08 code [0x03aeed10, 0x03aeedbc]
Event: 162850.519 Thread 0x25e93000 2066             javax.jmdns.impl.HostInfo::conflictWithRecord (52 bytes)
Event: 162850.519 Thread 0x25e93000 nmethod 2066 0x03aeee48 code [0x03aeef70, 0x03aef124]
Event: 165637.071 Thread 0x25e93000 2067             javax.jmdns.impl.DNSRecord$Address::handleResponse (101 bytes)
Event: 165637.074 Thread 0x25e93000 nmethod 2067 0x03aef288 code [0x03aef440, 0x03aef8e4]

GC Heap History (10 events):
Event: 215406.913 GC heap before
{Heap before GC invocations=889 (full 1):
 def new generation   total 39680K, used 35329K [0x05a00000, 0x08500000, 0x104a0000)
  eden space 35328K, 100% used [0x05a00000, 0x07c80000, 0x07c80000)
  from space 4352K,   0% used [0x080c0000, 0x080c04b0, 0x08500000)
  to   space 4352K,   0% used [0x07c80000, 0x07c80000, 0x080c0000)
 tenured generation   total 88012K, used 56365K [0x104a0000, 0x15a93000, 0x25a00000)
   the space 88012K,  64% used [0x104a0000, 0x13bab4e0, 0x13bab600, 0x15a93000)
 Metaspace       used 17112K, capacity 17515K, committed 17536K, reserved 17792K
Event: 215406.914 GC heap after
Heap after GC invocations=890 (full 1):
 def new generation   total 39680K, used 2K [0x05a00000, 0x08500000, 0x104a0000)
  eden space 35328K,   0% used [0x05a00000, 0x05a00000, 0x07c80000)
  from space 4352K,   0% used [0x07c80000, 0x07c80860, 0x080c0000)
  to   space 4352K,   0% used [0x080c0000, 0x080c0000, 0x08500000)
 tenured generation   total 88012K, used 56365K [0x104a0000, 0x15a93000, 0x25a00000)
   the space 88012K,  64% used [0x104a0000, 0x13bab4e0, 0x13bab600, 0x15a93000)
 Metaspace       used 17112K, capacity 17515K, committed 17536K, reserved 17792K
}
Event: 215649.040 GC heap before
{Heap before GC invocations=890 (full 1):
 def new generation   total 39680K, used 35330K [0x05a00000, 0x08500000, 0x104a0000)
  eden space 35328K, 100% used [0x05a00000, 0x07c80000, 0x07c80000)
  from space 4352K,   0% used [0x07c80000, 0x07c80860, 0x080c0000)
  to   space 4352K,   0% used [0x080c0000, 0x080c0000, 0x08500000)
 tenured generation   total 88012K, used 56365K [0x104a0000, 0x15a93000, 0x25a00000)
   the space 88012K,  64% used [0x104a0000, 0x13bab4e0, 0x13bab600, 0x15a93000)
 Metaspace       used 17112K, capacity 17515K, committed 17536K, reserved 17792K
Event: 215649.041 GC heap after
Heap after GC invocations=891 (full 1):
 def new generation   total 39680K, used 2K [0x05a00000, 0x08500000, 0x104a0000)
  eden space 35328K,   0% used [0x05a00000, 0x05a00000, 0x07c80000)
  from space 4352K,   0% used [0x080c0000, 0x080c0990, 0x08500000)
  to   space 4352K,   0% used [0x07c80000, 0x07c80000, 0x080c0000)
 tenured generation   total 88012K, used 56365K [0x104a0000, 0x15a93000, 0x25a00000)
   the space 88012K,  64% used [0x104a0000, 0x13bab4e0, 0x13bab600, 0x15a93000)
 Metaspace       used 17112K, capacity 17515K, committed 17536K, reserved 17792K
}
Event: 215894.174 GC heap before
{Heap before GC invocations=891 (full 1):
 def new generation   total 39680K, used 35330K [0x05a00000, 0x08500000, 0x104a0000)
  eden space 35328K, 100% used [0x05a00000, 0x07c80000, 0x07c80000)
  from space 4352K,   0% used [0x080c0000, 0x080c0990, 0x08500000)
  to   space 4352K,   0% used [0x07c80000, 0x07c80000, 0x080c0000)
 tenured generation   total 88012K, used 56365K [0x104a0000, 0x15a93000, 0x25a00000)
   the space 88012K,  64% used [0x104a0000, 0x13bab4e0, 0x13bab600, 0x15a93000)
 Metaspace       used 17112K, capacity 17515K, committed 17536K, reserved 17792K
Event: 215894.175 GC heap after
Heap after GC invocations=892 (full 1):
 def new generation   total 39680K, used 1K [0x05a00000, 0x08500000, 0x104a0000)
  eden space 35328K,   0% used [0x05a00000, 0x05a00000, 0x07c80000)
  from space 4352K,   0% used [0x07c80000, 0x07c806e8, 0x080c0000)
  to   space 4352K,   0% used [0x080c0000, 0x080c0000, 0x08500000)
 tenured generation   total 88012K, used 56365K [0x104a0000, 0x15a93000, 0x25a00000)
   the space 88012K,  64% used [0x104a0000, 0x13bab4e0, 0x13bab600, 0x15a93000)
 Metaspace       used 17112K, capacity 17515K, committed 17536K, reserved 17792K
}
Event: 216132.154 GC heap before
{Heap before GC invocations=892 (full 1):
 def new generation   total 39680K, used 35329K [0x05a00000, 0x08500000, 0x104a0000)
  eden space 35328K, 100% used [0x05a00000, 0x07c80000, 0x07c80000)
  from space 4352K,   0% used [0x07c80000, 0x07c806e8, 0x080c0000)
  to   space 4352K,   0% used [0x080c0000, 0x080c0000, 0x08500000)
 tenured generation   total 88012K, used 56365K [0x104a0000, 0x15a93000, 0x25a00000)
   the space 88012K,  64% used [0x104a0000, 0x13bab4e0, 0x13bab600, 0x15a93000)
 Metaspace       used 17112K, capacity 17515K, committed 17536K, reserved 17792K
Event: 216132.155 GC heap after
Heap after GC invocations=893 (full 1):
 def new generation   total 39680K, used 4K [0x05a00000, 0x08500000, 0x104a0000)
  eden space 35328K,   0% used [0x05a00000, 0x05a00000, 0x07c80000)
  from space 4352K,   0% used [0x080c0000, 0x080c1158, 0x08500000)
  to   space 4352K,   0% used [0x07c80000, 0x07c80000, 0x080c0000)
 tenured generation   total 88012K, used 56365K [0x104a0000, 0x15a93000, 0x25a00000)
   the space 88012K,  64% used [0x104a0000, 0x13bab4e0, 0x13bab600, 0x15a93000)
 Metaspace       used 17112K, capacity 17515K, committed 17536K, reserved 17792K
}
Event: 216377.101 GC heap before
{Heap before GC invocations=893 (full 1):
 def new generation   total 39680K, used 35332K [0x05a00000, 0x08500000, 0x104a0000)
  eden space 35328K, 100% used [0x05a00000, 0x07c80000, 0x07c80000)
  from space 4352K,   0% used [0x080c0000, 0x080c1158, 0x08500000)
  to   space 4352K,   0% used [0x07c80000, 0x07c80000, 0x080c0000)
 tenured generation   total 88012K, used 56365K [0x104a0000, 0x15a93000, 0x25a00000)
   the space 88012K,  64% used [0x104a0000, 0x13bab4e0, 0x13bab600, 0x15a93000)
 Metaspace       used 17112K, capacity 17515K, committed 17536K, reserved 17792K
Event: 216377.102 GC heap after
Heap after GC invocations=894 (full 1):
 def new generation   total 39680K, used 2K [0x05a00000, 0x08500000, 0x104a0000)
  eden space 35328K,   0% used [0x05a00000, 0x05a00000, 0x07c80000)
  from space 4352K,   0% used [0x07c80000, 0x07c80a88, 0x080c0000)
  to   space 4352K,   0% used [0x080c0000, 0x080c0000, 0x08500000)
 tenured generation   total 88012K, used 56365K [0x104a0000, 0x15a93000, 0x25a00000)
   the space 88012K,  64% used [0x104a0000, 0x13bab4e0, 0x13bab600, 0x15a93000)
 Metaspace       used 17112K, capacity 17515K, committed 17536K, reserved 17792K
}

Deoptimization events (0 events):
No events

Internal exceptions (10 events):
Event: 3.083 Thread 0x00fde000 Exception <a 'sun/nio/fs/WindowsException'> (0x06195248) thrown at [C:\workspace\8-2-build-windows-i586-cygwin\jdk8u144\9417\hotspot\src\share\vm\prims\jni.cpp, line 709]
Event: 3.083 Thread 0x00fde000 Exception <a 'sun/nio/fs/WindowsException'> (0x061958b8) thrown at [C:\workspace\8-2-build-windows-i586-cygwin\jdk8u144\9417\hotspot\src\share\vm\prims\jni.cpp, line 709]
Event: 3.085 Thread 0x00fde000 Exception <a 'sun/nio/fs/WindowsException'> (0x0619fa78) thrown at [C:\workspace\8-2-build-windows-i586-cygwin\jdk8u144\9417\hotspot\src\share\vm\prims\jni.cpp, line 709]
Event: 3.086 Thread 0x00fde000 Exception <a 'sun/nio/fs/WindowsException'> (0x061a0070) thrown at [C:\workspace\8-2-build-windows-i586-cygwin\jdk8u144\9417\hotspot\src\share\vm\prims\jni.cpp, line 709]
Event: 3.088 Thread 0x00fde000 Exception <a 'sun/nio/fs/WindowsException'> (0x061a9fa0) thrown at [C:\workspace\8-2-build-windows-i586-cygwin\jdk8u144\9417\hotspot\src\share\vm\prims\jni.cpp, line 709]
Event: 3.088 Thread 0x00fde000 Exception <a 'sun/nio/fs/WindowsException'> (0x061aa5a8) thrown at [C:\workspace\8-2-build-windows-i586-cygwin\jdk8u144\9417\hotspot\src\share\vm\prims\jni.cpp, line 709]
Event: 3.091 Thread 0x00fde000 Exception <a 'sun/nio/fs/WindowsException'> (0x061b4bf0) thrown at [C:\workspace\8-2-build-windows-i586-cygwin\jdk8u144\9417\hotspot\src\share\vm\prims\jni.cpp, line 709]
Event: 3.091 Thread 0x00fde000 Exception <a 'sun/nio/fs/WindowsException'> (0x061b51c0) thrown at [C:\workspace\8-2-build-windows-i586-cygwin\jdk8u144\9417\hotspot\src\share\vm\prims\jni.cpp, line 709]
Event: 3.094 Thread 0x00fde000 Exception <a 'sun/nio/fs/WindowsException'> (0x061bfce0) thrown at [C:\workspace\8-2-build-windows-i586-cygwin\jdk8u144\9417\hotspot\src\share\vm\prims\jni.cpp, line 709]
Event: 3.094 Thread 0x00fde000 Exception <a 'sun/nio/fs/WindowsException'> (0x061c0260) thrown at [C:\workspace\8-2-build-windows-i586-cygwin\jdk8u144\9417\hotspot\src\share\vm\prims\jni.cpp, line 709]

Events (10 events):
Event: 215406.913 Executing VM operation: GenCollectForAllocation
Event: 215406.914 Executing VM operation: GenCollectForAllocation done
Event: 215649.040 Executing VM operation: GenCollectForAllocation
Event: 215649.041 Executing VM operation: GenCollectForAllocation done
Event: 215894.174 Executing VM operation: GenCollectForAllocation
Event: 215894.175 Executing VM operation: GenCollectForAllocation done
Event: 216132.154 Executing VM operation: GenCollectForAllocation
Event: 216132.155 Executing VM operation: GenCollectForAllocation done
Event: 216377.101 Executing VM operation: GenCollectForAllocation
Event: 216377.102 Executing VM operation: GenCollectForAllocation done


Dynamic libraries:
0x00aa0000 - 0x00ad3000 	C:\Program Files (x86)\Arduino\java\bin\javaw.exe
0x77b30000 - 0x77ccc000 	C:\WINDOWS\SYSTEM32\ntdll.dll
0x76800000 - 0x768e0000 	C:\WINDOWS\System32\KERNEL32.DLL
0x76a70000 - 0x76c6b000 	C:\WINDOWS\System32\KERNELBASE.dll
0x76090000 - 0x7610e000 	C:\WINDOWS\System32\ADVAPI32.dll
0x75350000 - 0x75410000 	C:\WINDOWS\System32\msvcrt.dll
0x76110000 - 0x76189000 	C:\WINDOWS\System32\sechost.dll
0x761e0000 - 0x7629f000 	C:\WINDOWS\System32\RPCRT4.dll
0x75180000 - 0x751a0000 	C:\WINDOWS\System32\SspiCli.dll
0x75170000 - 0x7517a000 	C:\WINDOWS\System32\CRYPTBASE.dll
0x76d00000 - 0x76d62000 	C:\WINDOWS\System32\bcryptPrimitives.dll
0x75ef0000 - 0x76089000 	C:\WINDOWS\System32\USER32.dll
0x77410000 - 0x77427000 	C:\WINDOWS\System32\win32u.dll
0x76910000 - 0x76933000 	C:\WINDOWS\System32\GDI32.dll
0x75bc0000 - 0x75d2a000 	C:\WINDOWS\System32\gdi32full.dll
0x769f0000 - 0x76a70000 	C:\WINDOWS\System32\msvcp_win.dll
0x75d30000 - 0x75e53000 	C:\WINDOWS\System32\ucrtbase.dll
0x74710000 - 0x7491f000 	C:\WINDOWS\WinSxS\x86_microsoft.windows.common-controls_6595b64144ccf1df_6.0.17763.1757_none_261f7a4f67c69aca\COMCTL32.dll
0x76580000 - 0x767f6000 	C:\WINDOWS\System32\combase.dll
0x75320000 - 0x75345000 	C:\WINDOWS\System32\IMM32.DLL
0x60040000 - 0x600ff000 	C:\Program Files (x86)\Arduino\java\bin\msvcr100.dll
0x5fc70000 - 0x6003e000 	C:\Program Files (x86)\Arduino\java\bin\client\jvm.dll
0x76900000 - 0x76906000 	C:\WINDOWS\System32\PSAPI.DLL
0x74390000 - 0x743b4000 	C:\WINDOWS\SYSTEM32\WINMM.dll
0x74920000 - 0x74928000 	C:\WINDOWS\SYSTEM32\VERSION.dll
0x74080000 - 0x740a3000 	C:\WINDOWS\SYSTEM32\WINMMBASE.dll
0x75580000 - 0x755bb000 	C:\WINDOWS\System32\cfgmgr32.dll
0x74700000 - 0x74708000 	C:\WINDOWS\SYSTEM32\WSOCK32.dll
0x75410000 - 0x7546f000 	C:\WINDOWS\System32\WS2_32.dll
0x5fc40000 - 0x5fc70000 	C:\Program Files (x86)\Arduino\java\bin\splashscreen.dll
0x73bd0000 - 0x73c4b000 	C:\WINDOWS\system32\uxtheme.dll
0x62210000 - 0x6221c000 	C:\Program Files (x86)\Arduino\java\bin\verify.dll
0x77880000 - 0x779bc000 	C:\WINDOWS\System32\MSCTF.dll
0x76d70000 - 0x76e06000 	C:\WINDOWS\System32\OLEAUT32.dll
0x5fc10000 - 0x5fc31000 	C:\Program Files (x86)\Arduino\java\bin\java.dll
0x76510000 - 0x7651f000 	C:\WINDOWS\System32\kernel.appcore.dll
0x65190000 - 0x6520f000 	C:\WINDOWS\System32\TextInputFramework.dll
0x65100000 - 0x65190000 	C:\WINDOWS\System32\CoreMessaging.dll
0x64e90000 - 0x650fb000 	C:\WINDOWS\System32\CoreUIComponents.dll
0x76e20000 - 0x76ea9000 	C:\WINDOWS\System32\SHCORE.dll
0x75010000 - 0x75039000 	C:\WINDOWS\SYSTEM32\ntmarta.dll
0x6fad0000 - 0x6fba9000 	C:\WINDOWS\SYSTEM32\wintypes.dll
0x5fbf0000 - 0x5fc03000 	C:\Program Files (x86)\Arduino\java\bin\zip.dll
0x73a40000 - 0x73a66000 	C:\WINDOWS\system32\dwmapi.dll
0x76370000 - 0x76508000 	C:\WINDOWS\System32\CRYPT32.dll
0x76360000 - 0x7636e000 	C:\WINDOWS\System32\MSASN1.dll
0x76940000 - 0x76952000 	C:\WINDOWS\System32\CRYPTSP.dll
0x76eb0000 - 0x77406000 	C:\WINDOWS\System32\SHELL32.dll
0x755c0000 - 0x75bbe000 	C:\WINDOWS\System32\windows.storage.dll
0x769b0000 - 0x769cc000 	C:\WINDOWS\System32\profapi.dll
0x76520000 - 0x76574000 	C:\WINDOWS\System32\powrprof.dll
0x76960000 - 0x769a4000 	C:\WINDOWS\System32\shlwapi.dll
0x61940000 - 0x619b2000 	C:\Program Files (x86)\Arduino\lib\listSerialsj.dll
0x77430000 - 0x7787b000 	C:\WINDOWS\System32\SETUPAPI.dll
0x768e0000 - 0x768f9000 	C:\WINDOWS\System32\bcrypt.dll
0x5fbd0000 - 0x5fbed000 	C:\Program Files (x86)\Arduino\lib\jnidispatch-4.2.2-win32-x86.dll
0x75470000 - 0x7556c000 	C:\WINDOWS\System32\Ole32.dll
0x5fbb0000 - 0x5fbc6000 	C:\Program Files (x86)\Arduino\java\bin\net.dll
0x73e20000 - 0x73e72000 	C:\WINDOWS\system32\mswsock.dll
0x61f30000 - 0x61f3f000 	C:\Program Files (x86)\Arduino\java\bin\nio.dll
0x5fa60000 - 0x5fba5000 	C:\Program Files (x86)\Arduino\java\bin\awt.dll
0x69fc0000 - 0x6a05c000 	C:\WINDOWS\SYSTEM32\apphelp.dll
0x5fa20000 - 0x5fa59000 	C:\Program Files (x86)\Arduino\java\bin\fontmanager.dll
0x61f40000 - 0x62019000 	C:\WINDOWS\system32\opengl32.dll
0x62c20000 - 0x62c5f000 	C:\WINDOWS\SYSTEM32\GLU32.dll
0x5f9e0000 - 0x5fa12000 	C:\Program Files (x86)\Arduino\java\bin\t2k.dll
0x71ab0000 - 0x71ad3000 	C:\WINDOWS\SYSTEM32\DEVOBJ.dll
0x74160000 - 0x74193000 	C:\WINDOWS\SYSTEM32\IPHLPAPI.DLL
0x76e10000 - 0x76e17000 	C:\WINDOWS\System32\NSI.dll
0x73aa0000 - 0x73ab3000 	C:\WINDOWS\SYSTEM32\dhcpcsvc6.DLL
0x73a20000 - 0x73a34000 	C:\WINDOWS\SYSTEM32\dhcpcsvc.DLL
0x73770000 - 0x73801000 	C:\WINDOWS\SYSTEM32\DNSAPI.dll
0x76190000 - 0x761d5000 	C:\WINDOWS\System32\WINTRUST.dll
0x72880000 - 0x72888000 	C:\Windows\System32\rasadhlp.dll
0x730d0000 - 0x73121000 	C:\WINDOWS\System32\fwpuclnt.dll
0x5f970000 - 0x5f9d9000 	C:\Program Files (x86)\Arduino\msvcp100.dll
0x5f8b0000 - 0x5f96e000 	C:\Program Files (x86)\Arduino\msvcr100.dll
0x288d0000 - 0x28902000 	C:\Program Files (x86)\Arduino\lib\AStylej.dll
0x5f880000 - 0x5f8a4000 	C:\Program Files (x86)\Arduino\java\bin\dcpr.dll
0x76c70000 - 0x76cf1000 	C:\WINDOWS\System32\clbcatq.dll
0x6ac80000 - 0x6adf1000 	C:\WINDOWS\SYSTEM32\WindowsCodecs.dll
0x69b90000 - 0x69bdd000 	C:\WINDOWS\system32\dataexchange.dll
0x69a30000 - 0x69b8f000 	C:\WINDOWS\system32\dcomp.dll
0x6db60000 - 0x6dd89000 	C:\WINDOWS\system32\d3d11.dll
0x6dab0000 - 0x6db54000 	C:\WINDOWS\system32\dxgi.dll
0x69880000 - 0x69a22000 	C:\WINDOWS\system32\twinapi.appcore.dll
0x69670000 - 0x6968e000 	C:\WINDOWS\system32\RMCLIENT.dll
0x74610000 - 0x7469e000 	C:\WINDOWS\WinSxS\x86_microsoft.windows.common-controls_6595b64144ccf1df_5.82.17763.1757_none_b4b7d9616e71f837\comctl32.dll

VM Arguments:
jvm_args: -Dsun.java2d.d3d=false -Djna.nosys=true -Djna.nounpack=true -Djna.boot.library.name=jnidispatch-4.2.2-win32-x86 -Djna.boot.library.path=C:\Program Files (x86)\Arduino/lib -Djssc.library.path=C:\Program Files (x86)\Arduino/lib -DAPP_DIR=C:\Program Files (x86)\Arduino -Xms128M -Xmx512M 
java_command: processing.app.Base C:\Users\Labuser\Documents\PythonTest\UiTest\ArdunioCode\controlArduinoPosition.ino
java_class_path (initial): C:\Program Files (x86)\Arduino\lib\apple.jar;C:\Program Files (x86)\Arduino\lib\arduino-core.jar;C:\Program Files (x86)\Arduino\lib\batik-1.8.jar;C:\Program Files (x86)\Arduino\lib\batik-anim-1.8.jar;C:\Program Files (x86)\Arduino\lib\batik-awt-util-1.8.jar;C:\Program Files (x86)\Arduino\lib\batik-bridge-1.8.jar;C:\Program Files (x86)\Arduino\lib\batik-codec-1.8.jar;C:\Program Files (x86)\Arduino\lib\batik-css-1.8.jar;C:\Program Files (x86)\Arduino\lib\batik-dom-1.8.jar;C:\Program Files (x86)\Arduino\lib\batik-ext-1.8.jar;C:\Program Files (x86)\Arduino\lib\batik-gvt-1.8.jar;C:\Program Files (x86)\Arduino\lib\batik-parser-1.8.jar;C:\Program Files (x86)\Arduino\lib\batik-rasterizer-1.8.jar;C:\Program Files (x86)\Arduino\lib\batik-script-1.8.jar;C:\Program Files (x86)\Arduino\lib\batik-squiggle-1.8.jar;C:\Program Files (x86)\Arduino\lib\batik-svg-dom-1.8.jar;C:\Program Files (x86)\Arduino\lib\batik-svgpp-1.8.jar;C:\Program Files (x86)\Arduino\lib\batik-transcoder-1.8.jar;C:\Program Files (x86)\Arduino\lib\batik-util-1.8.jar;C:\Program Files (x86)\Arduino\lib\batik-xml-1.8.jar;C:\Program Files (x86)\Arduino\lib\bcpg-jdk15on-152.jar;C:\Program Files (x86)\Arduino\lib\bcprov-jdk15on-152.jar;C:\Program Files (x86)\Arduino\lib\commons-codec-1.7.jar;C:\Program Files (x86)\Arduino\lib\commons-compress-1.8.jar;C:\Program Files (x86)\Arduino\lib\commons-exec-1.1.jar;C:\Program Files (x86)\Arduino\lib\commons-httpclient-3.1.jar;C:\Program Files (x86)\Arduino\lib\commons-lang3-3.3.2.jar;C:\Program Files (x86)\Arduino\lib\commons-logging-1.0.4.jar;C:\Program Files (x86)\Arduino\lib\commons-net-3.3.jar;C:\Program Files (x86)\Arduino\lib\jackson-annotations-2.6.3.jar;C:\Program Files (x86)\Arduino\lib\jackson-core-2.6.3.jar;C:\Program Files (x86)\Arduino\lib\jackson-databind-2.6.3.jar;C:\Program Files (x86)\Arduino\lib\jackson-module-mrbean-2.6.3.jar;C:\Program Files (x86)\Arduino\lib\java-semver-0.8.0.jar;C:\Program Files (x86)\Arduino\lib\jmdns-3.5.1.j
Launcher Type: SUN_STANDARD

Environment Variables:
PATH=C:\Program Files (x86)\Meilhaus Electronic\RedLab\;C:\Program Files\Ocean Optics\OmniDriver\OOI_HOME;C:\Program Files (x86)\National Instruments\Shared\ULx\;C:\WINDOWS\system32;C:\WINDOWS;C:\WINDOWS\System32\Wbem;C:\WINDOWS\System32\WindowsPowerShell\v1.0\;C:\Program Files (x86)\IVI Foundation\VISA\WinNT\Bin\;C:\Program Files\IVI Foundation\VISA\Win64\Bin\;C:\Program Files (x86)\IVI Foundation\VISA\WinNT\Bin;C:\PROGRA~2\PI\GCSTRA~1;C:\WINDOWS\System32\OpenSSH\;C:\Program Files\MATLAB\R2021a\bin;C:\Program Files\MATLAB\R2018a_2\bin;C:\Program Files\Point Grey Research\Spinnaker\bin64\vs2015;C:\Program Files\Point Grey Research\Spinnaker\bin\vs2015;C:\Program Files (x86)\IVI Foundation\IVI\bin;C:\Program Files\IVI Foundation\IVI\bin;C:\Program Files\Point Grey Research\FlyCap2 Viewer\bin64;%FC2PATH\vs2013;C:\Program Files\Point Grey Research\FlyCap2 Viewer\bin64\vs2015;C:\Users\Labuser\AppData\Local\Microsoft\WindowsApps;C:\Users\Labuser\AppData\Local\Programs\Microsoft VS Code\bin;C:\Users\Labuser\AppData\Local\Programs\Python\Python39;C:\Program Files\JetBrains\PyCharm Community Edition 2021.3.3\bin;;C:\Program Files\Git\bin;C:\Program Files\Git\cmd;;C:\Program Files (x86)\Arduino\java\bin
USERNAME=Labuser
OS=Windows_NT
PROCESSOR_IDENTIFIER=Intel64 Family 6 Model 60 Stepping 3, GenuineIntel



---------------  S Y S T E M  ---------------

OS: Windows 10.0 , 64 bit Build 17763 (10.0.17763.475)

CPU:total 8 (initial active 8) (4 cores per cpu, 2 threads per core) family 6 model 60 stepping 3, cmov, cx8, fxsr, mmx, sse, sse2, sse3, ssse3, sse4.1, sse4.2, popcnt, avx, avx2, aes, clmul, erms, lzcnt, ht, tsc, tscinvbit, bmi1, bmi2

Memory: 4k page, physical 16450452k(8596036k free), swap 18940820k(6268408k free)

vm_info: Java HotSpot(TM) Client VM (25.144-b01) for windows-x86 JRE (1.8.0_144-b01), built on Jul 21 2017 21:58:05 by "java_re" with MS VC++ 10.0 (VS2010)

time: Fri Apr 29 06:45:58 2022
elapsed time: 216518 seconds (2d 12h 8m 38s)

